2025-08-14 04:06:40 [main] INFO  com.api.crud.CrudApplication - Starting CrudApplication using Java 21.0.2 with PID 13868 (C:\Users\wilso\Documents\Git\Repositorios\ApiEcommerce\target\classes started by wilso in C:\Users\wilso\Documents\Git\Repositorios\ApiEcommerce)
2025-08-14 04:06:40 [main] INFO  com.api.crud.CrudApplication - No active profile set, falling back to 1 default profile: "default"
2025-08-14 04:06:42 [main] INFO  o.a.coyote.http11.Http11NioProtocol - Initializing ProtocolHandler ["http-nio-8080"]
2025-08-14 04:06:42 [main] INFO  o.a.catalina.core.StandardService - Starting service [Tomcat]
2025-08-14 04:06:42 [main] INFO  o.a.catalina.core.StandardEngine - Starting Servlet engine: [Apache Tomcat/10.1.19]
2025-08-14 04:06:42 [main] INFO  o.a.c.c.C.[Tomcat].[localhost].[/] - Initializing Spring embedded WebApplicationContext
2025-08-14 04:06:42 [main] INFO  com.zaxxer.hikari.HikariDataSource - HikariPool-1 - Starting...
2025-08-14 04:06:42 [main] INFO  com.zaxxer.hikari.pool.HikariPool - HikariPool-1 - Added connection com.mysql.cj.jdbc.ConnectionImpl@45e11627
2025-08-14 04:06:42 [main] INFO  com.zaxxer.hikari.HikariDataSource - HikariPool-1 - Start completed.
2025-08-14 04:06:44 [main] WARN  o.s.b.a.o.j.JpaBaseConfiguration$JpaWebConfiguration - spring.jpa.open-in-view is enabled by default. Therefore, database queries may be performed during view rendering. Explicitly configure spring.jpa.open-in-view to disable this warning
2025-08-14 04:06:44 [main] WARN  o.s.b.a.s.s.UserDetailsServiceAutoConfiguration - 

Using generated security password: 9f56b8bf-6ba1-49af-9fdf-3f3f55878992

This generated password is for development use only. Your security configuration must be updated before running your application in production.

2025-08-14 04:06:45 [main] INFO  o.a.coyote.http11.Http11NioProtocol - Starting ProtocolHandler ["http-nio-8080"]
2025-08-14 04:06:45 [main] WARN  o.s.b.w.s.c.AnnotationConfigServletWebServerApplicationContext - Exception encountered during context initialization - cancelling refresh attempt: org.springframework.context.ApplicationContextException: Failed to start bean 'webServerStartStop'
2025-08-14 04:06:45 [main] INFO  com.zaxxer.hikari.HikariDataSource - HikariPool-1 - Shutdown initiated...
2025-08-14 04:06:45 [main] INFO  com.zaxxer.hikari.HikariDataSource - HikariPool-1 - Shutdown completed.
2025-08-14 04:06:45 [main] ERROR o.s.b.d.LoggingFailureAnalysisReporter - 

***************************
APPLICATION FAILED TO START
***************************

Description:

Web server failed to start. Port 8080 was already in use.

Action:

Identify and stop the process that's listening on port 8080 or configure this application to listen on another port.

2025-08-14 04:07:00 [main] INFO  com.api.crud.CrudApplication - Starting CrudApplication using Java 21.0.2 with PID 14508 (C:\Users\wilso\Documents\Git\Repositorios\ApiEcommerce\target\classes started by wilso in C:\Users\wilso\Documents\Git\Repositorios\ApiEcommerce)
2025-08-14 04:07:00 [main] INFO  com.api.crud.CrudApplication - No active profile set, falling back to 1 default profile: "default"
2025-08-14 04:07:01 [main] INFO  o.a.coyote.http11.Http11NioProtocol - Initializing ProtocolHandler ["http-nio-8080"]
2025-08-14 04:07:01 [main] INFO  o.a.catalina.core.StandardService - Starting service [Tomcat]
2025-08-14 04:07:01 [main] INFO  o.a.catalina.core.StandardEngine - Starting Servlet engine: [Apache Tomcat/10.1.19]
2025-08-14 04:07:01 [main] INFO  o.a.c.c.C.[Tomcat].[localhost].[/] - Initializing Spring embedded WebApplicationContext
2025-08-14 04:07:02 [main] INFO  com.zaxxer.hikari.HikariDataSource - HikariPool-1 - Starting...
2025-08-14 04:07:02 [main] INFO  com.zaxxer.hikari.pool.HikariPool - HikariPool-1 - Added connection com.mysql.cj.jdbc.ConnectionImpl@542c65d9
2025-08-14 04:07:02 [main] INFO  com.zaxxer.hikari.HikariDataSource - HikariPool-1 - Start completed.
2025-08-14 04:07:03 [main] WARN  o.s.b.a.o.j.JpaBaseConfiguration$JpaWebConfiguration - spring.jpa.open-in-view is enabled by default. Therefore, database queries may be performed during view rendering. Explicitly configure spring.jpa.open-in-view to disable this warning
2025-08-14 04:07:03 [main] WARN  o.s.b.a.s.s.UserDetailsServiceAutoConfiguration - 

Using generated security password: 44886626-1df1-4d3a-be32-6f2814bf10ed

This generated password is for development use only. Your security configuration must be updated before running your application in production.

2025-08-14 04:07:04 [main] INFO  o.a.coyote.http11.Http11NioProtocol - Starting ProtocolHandler ["http-nio-8080"]
2025-08-14 04:07:04 [main] INFO  com.api.crud.CrudApplication - Started CrudApplication in 4.241 seconds (process running for 4.616)
2025-08-14 04:07:07 [SpringApplicationShutdownHook] INFO  com.zaxxer.hikari.HikariDataSource - HikariPool-1 - Shutdown initiated...
2025-08-14 04:07:07 [SpringApplicationShutdownHook] INFO  com.zaxxer.hikari.HikariDataSource - HikariPool-1 - Shutdown completed.
